# JRE version: OpenJDK Runtime Environment (24.0.1+9) (build 24.0.1+9-30)
# Java VM: OpenJDK 64-Bit Server VM (24.0.1+9-30, mixed mode, sharing, tiered, compressed oops, compressed class ptrs, g1 gc, windows-amd64)
GC Precious Log:
 CardTable entry size: 512
 Card Set container configuration: InlinePtr #cards 4 size 8 Array Of Cards #cards 16 size 48 Howl #buckets 8 coarsen threshold 3686 Howl Bitmap #cards 512 size 80 coarsen threshold 460 Card regions per heap region 1 cards per card region 4096
 CPUs: 8 total, 8 available
 Memory: 16046M
 Large Page Support: Disabled
 NUMA Support: Disabled
 Compressed Oops: Enabled (Zero based)
 Heap Region Size: 2M
 Heap Min Capacity: 8M
 Heap Initial Capacity: 252M
 Heap Max Capacity: 4012M
 Pre-touch: Disabled
 Parallel Workers: 8
 Concurrent Workers: 2
 Concurrent Refinement Workers: 8
 Periodic GC: Disabled
Heap:
 garbage-first heap   total reserved 4108288K, committed 92160K, used 71961K [0x0000000705400000, 0x0000000800000000)
  region size 2048K, 20 young (40960K), 2 survivors (4096K)
 Metaspace       used 82559K, committed 83264K, reserved 1179648K
  class space    used 8911K, committed 9216K, reserved 1048576K
GC Heap History (20 events):
Event: 12.328 GC heap before
{Heap before GC invocations=8 (full 0):
 garbage-first heap   total reserved 4108288K, committed 92160K, used 68756K [0x0000000705400000, 0x0000000800000000)
  region size 2048K, 24 young (49152K), 3 survivors (6144K)
 Metaspace       used 57551K, committed 58048K, reserved 1114112K
  class space    used 5917K, committed 6144K, reserved 1048576K
}
Event: 12.342 GC heap after
{Heap after GC invocations=9 (full 0):
 garbage-first heap   total reserved 4108288K, committed 92160K, used 30160K [0x0000000705400000, 0x0000000800000000)
  region size 2048K, 3 young (6144K), 3 survivors (6144K)
 Metaspace       used 57551K, committed 58048K, reserved 1114112K
  class space    used 5917K, committed 6144K, reserved 1048576K
}
Event: 12.924 GC heap before
{Heap before GC invocations=9 (full 0):
 garbage-first heap   total reserved 4108288K, committed 92160K, used 38352K [0x0000000705400000, 0x0000000800000000)
  region size 2048K, 8 young (16384K), 3 survivors (6144K)
 Metaspace       used 60511K, committed 61056K, reserved 1114112K
  class space    used 6264K, committed 6528K, reserved 1048576K
}
Event: 12.934 GC heap after
{Heap after GC invocations=10 (full 0):
 garbage-first heap   total reserved 4108288K, committed 92160K, used 30739K [0x0000000705400000, 0x0000000800000000)
  region size 2048K, 2 young (4096K), 2 survivors (4096K)
 Metaspace       used 60511K, committed 61056K, reserved 1114112K
  class space    used 6264K, committed 6528K, reserved 1048576K
}
Event: 15.095 GC heap before
{Heap before GC invocations=11 (full 0):
 garbage-first heap   total reserved 4108288K, committed 92160K, used 75795K [0x0000000705400000, 0x0000000800000000)
  region size 2048K, 24 young (49152K), 2 survivors (4096K)
 Metaspace       used 68075K, committed 68672K, reserved 1114112K
  class space    used 7177K, committed 7424K, reserved 1048576K
}
Event: 15.105 GC heap after
{Heap after GC invocations=12 (full 0):
 garbage-first heap   total reserved 4108288K, committed 92160K, used 32872K [0x0000000705400000, 0x0000000800000000)
  region size 2048K, 3 young (6144K), 3 survivors (6144K)
 Metaspace       used 68075K, committed 68672K, reserved 1114112K
  class space    used 7177K, committed 7424K, reserved 1048576K
}
Event: 17.407 GC heap before
{Heap before GC invocations=12 (full 0):
 garbage-first heap   total reserved 4108288K, committed 92160K, used 77928K [0x0000000705400000, 0x0000000800000000)
  region size 2048K, 25 young (51200K), 3 survivors (6144K)
 Metaspace       used 72924K, committed 73600K, reserved 1179648K
  class space    used 7773K, committed 8064K, reserved 1048576K
}
Event: 17.425 GC heap after
{Heap after GC invocations=13 (full 0):
 garbage-first heap   total reserved 4108288K, committed 92160K, used 36388K [0x0000000705400000, 0x0000000800000000)
  region size 2048K, 4 young (8192K), 4 survivors (8192K)
 Metaspace       used 72924K, committed 73600K, reserved 1179648K
  class space    used 7773K, committed 8064K, reserved 1048576K
}
Event: 178.673 GC heap before
{Heap before GC invocations=13 (full 0):
 garbage-first heap   total reserved 4108288K, committed 92160K, used 75300K [0x0000000705400000, 0x0000000800000000)
  region size 2048K, 23 young (47104K), 4 survivors (8192K)
 Metaspace       used 77190K, committed 77824K, reserved 1179648K
  class space    used 8322K, committed 8576K, reserved 1048576K
}
Event: 178.687 GC heap after
{Heap after GC invocations=14 (full 0):
 garbage-first heap   total reserved 4108288K, committed 92160K, used 38142K [0x0000000705400000, 0x0000000800000000)
  region size 2048K, 1 young (2048K), 1 survivors (2048K)
 Metaspace       used 77190K, committed 77824K, reserved 1179648K
  class space    used 8322K, committed 8576K, reserved 1048576K
}
Event: 666.211 GC heap before
{Heap before GC invocations=14 (full 0):
 garbage-first heap   total reserved 4108288K, committed 92160K, used 81150K [0x0000000705400000, 0x0000000800000000)
  region size 2048K, 22 young (45056K), 1 survivors (2048K)
 Metaspace       used 77294K, committed 77952K, reserved 1179648K
  class space    used 8322K, committed 8576K, reserved 1048576K
}
Event: 666.215 GC heap after
{Heap after GC invocations=15 (full 0):
 garbage-first heap   total reserved 4108288K, committed 92160K, used 38004K [0x0000000705400000, 0x0000000800000000)
  region size 2048K, 1 young (2048K), 1 survivors (2048K)
 Metaspace       used 77294K, committed 77952K, reserved 1179648K
  class space    used 8322K, committed 8576K, reserved 1048576K
}
Event: 1185.689 GC heap before
{Heap before GC invocations=16 (full 0):
 garbage-first heap   total reserved 4108288K, committed 92160K, used 83060K [0x0000000705400000, 0x0000000800000000)
  region size 2048K, 23 young (47104K), 1 survivors (2048K)
 Metaspace       used 77294K, committed 77952K, reserved 1179648K
  class space    used 8322K, committed 8576K, reserved 1048576K
}
Event: 1185.694 GC heap after
{Heap after GC invocations=17 (full 0):
 garbage-first heap   total reserved 4108288K, committed 92160K, used 38036K [0x0000000705400000, 0x0000000800000000)
  region size 2048K, 1 young (2048K), 1 survivors (2048K)
 Metaspace       used 77294K, committed 77952K, reserved 1179648K
  class space    used 8322K, committed 8576K, reserved 1048576K
}
Event: 1678.351 GC heap before
{Heap before GC invocations=17 (full 0):
 garbage-first heap   total reserved 4108288K, committed 92160K, used 83092K [0x0000000705400000, 0x0000000800000000)
  region size 2048K, 23 young (47104K), 1 survivors (2048K)
 Metaspace       used 77326K, committed 77952K, reserved 1179648K
  class space    used 8322K, committed 8576K, reserved 1048576K
}
Event: 1678.362 GC heap after
{Heap after GC invocations=18 (full 0):
 garbage-first heap   total reserved 4108288K, committed 92160K, used 37791K [0x0000000705400000, 0x0000000800000000)
  region size 2048K, 2 young (4096K), 2 survivors (4096K)
 Metaspace       used 77326K, committed 77952K, reserved 1179648K
  class space    used 8322K, committed 8576K, reserved 1048576K
}
Event: 2147.624 GC heap before
{Heap before GC invocations=18 (full 0):
 garbage-first heap   total reserved 4108288K, committed 92160K, used 78751K [0x0000000705400000, 0x0000000800000000)
  region size 2048K, 22 young (45056K), 2 survivors (4096K)
 Metaspace       used 77327K, committed 77952K, reserved 1179648K
  class space    used 8322K, committed 8576K, reserved 1048576K
}
Event: 2147.635 GC heap after
{Heap after GC invocations=19 (full 0):
 garbage-first heap   total reserved 4108288K, committed 92160K, used 37685K [0x0000000705400000, 0x0000000800000000)
  region size 2048K, 1 young (2048K), 1 survivors (2048K)
 Metaspace       used 77327K, committed 77952K, reserved 1179648K
  class space    used 8322K, committed 8576K, reserved 1048576K
}
Event: 2377.486 GC heap before
{Heap before GC invocations=20 (full 0):
 garbage-first heap   total reserved 4108288K, committed 92160K, used 80693K [0x0000000705400000, 0x0000000800000000)
  region size 2048K, 23 young (47104K), 1 survivors (2048K)
 Metaspace       used 81851K, committed 82624K, reserved 1179648K
  class space    used 8876K, committed 9216K, reserved 1048576K
}
Event: 2377.496 GC heap after
{Heap after GC invocations=21 (full 0):
 garbage-first heap   total reserved 4108288K, committed 92160K, used 39193K [0x0000000705400000, 0x0000000800000000)
  region size 2048K, 2 young (4096K), 2 survivors (4096K)
 Metaspace       used 81851K, committed 82624K, reserved 1179648K
  class space    used 8876K, committed 9216K, reserved 1048576K
}

